2021-12-23 19:47:30,209 [Worker-239: Building] INFO  o.e.m.c.i.embedder.EclipseLogger - Using 'UTF-8' encoding to copy filtered resources.
2021-12-23 19:47:30,213 [Worker-239: Building] INFO  o.e.m.c.i.embedder.EclipseLogger - Using 'UTF-8' encoding to copy filtered properties files.
2021-12-23 19:47:30,216 [Worker-239: Building] INFO  o.e.m.c.i.embedder.EclipseLogger - Copying 0 resource
2021-12-23 19:47:30,217 [Worker-239: Building] INFO  o.e.m.c.i.embedder.EclipseLogger - Copying 0 resource
2021-12-23 19:47:30,225 [Worker-239: Building] INFO  o.e.m.c.i.embedder.EclipseLogger - Using 'UTF-8' encoding to copy filtered resources.
2021-12-23 19:47:30,225 [Worker-239: Building] INFO  o.e.m.c.i.embedder.EclipseLogger - Using 'UTF-8' encoding to copy filtered properties files.
2021-12-23 19:47:30,225 [Worker-239: Building] INFO  o.e.m.c.i.embedder.EclipseLogger - skip non existing resourceDirectory /Users/semysong/Desktop/GIT/API/sky-town/HappyhouseAPI/src/test/resources
2021-12-23 19:52:29,887 [Worker-244: Periodic workspace save.] ERROR o.e.m.c.i.p.r.ProjectRegistryReader - Can't write workspace state
java.io.FileNotFoundException: /Users/semysong/Desktop/GIT/API/sky-town/.metadata/.plugins/org.eclipse.m2e.core/workspaceState.ser (No such file or directory)
	at java.io.FileOutputStream.open0(Native Method) ~[na:1.8.0_291]
	at java.io.FileOutputStream.open(FileOutputStream.java:270) ~[na:1.8.0_291]
	at java.io.FileOutputStream.<init>(FileOutputStream.java:213) ~[na:1.8.0_291]
	at java.io.FileOutputStream.<init>(FileOutputStream.java:162) ~[na:1.8.0_291]
	at org.eclipse.m2e.core.internal.project.registry.ProjectRegistryReader.writeWorkspaceState(ProjectRegistryReader.java:128) ~[org.eclipse.m2e.core_1.15.0.20200305-1308.jar:na]
	at org.eclipse.m2e.core.internal.project.registry.ProjectRegistryManager.writeWorkspaceState(ProjectRegistryManager.java:990) [org.eclipse.m2e.core_1.15.0.20200305-1308.jar:na]
	at org.eclipse.m2e.core.internal.MavenPluginActivator$1.saving(MavenPluginActivator.java:147) [org.eclipse.m2e.core_1.15.0.20200305-1308.jar:na]
	at org.eclipse.core.internal.resources.SaveManager.executeLifecycle(SaveManager.java:387) [org.eclipse.core.resources_3.13.700.v20200209-1624.jar:na]
	at org.eclipse.core.internal.resources.SaveManager$1.run(SaveManager.java:204) [org.eclipse.core.resources_3.13.700.v20200209-1624.jar:na]
	at org.eclipse.core.runtime.SafeRunner.run(SafeRunner.java:45) [org.eclipse.equinox.common_3.11.0.v20200206-0817.jar:na]
	at org.eclipse.core.internal.resources.SaveManager.broadcastLifecycle(SaveManager.java:207) [org.eclipse.core.resources_3.13.700.v20200209-1624.jar:na]
	at org.eclipse.core.internal.resources.SaveManager.save(SaveManager.java:1164) [org.eclipse.core.resources_3.13.700.v20200209-1624.jar:na]
	at org.eclipse.core.internal.resources.SaveManager.save(SaveManager.java:1143) [org.eclipse.core.resources_3.13.700.v20200209-1624.jar:na]
	at org.eclipse.core.internal.resources.DelayedSnapshotJob.run(DelayedSnapshotJob.java:55) [org.eclipse.core.resources_3.13.700.v20200209-1624.jar:na]
	at org.eclipse.core.internal.jobs.Worker.run(Worker.java:63) [org.eclipse.core.jobs_3.10.700.v20200106-1020.jar:na]
